
Initializing model...
Initializing optimizer...
Training...
epoch 1 batch 1/7 processed 8 batch-loss 41722.9375 mAP 0.0000 action acc 0.0032 phrase acc 0.0172 activity acc 0.0981 grad-norm 149943.7188 epoch-elapsed 0h00m00s total-elapsed 0h00m00s
epoch 1 batch 2/7 processed 16 batch-loss 24647.7910 mAP 0.0000 action acc 0.0025 phrase acc 0.7383 activity acc 0.3222 grad-norm 45978.8203 epoch-elapsed 0h00m01s total-elapsed 0h00m01s
dev-fscore 0.0 train-fscore 0.0 dev-elapsed 0h00m01s total-elapsed 0h00m02s
Saving new best model to models/finegym_transformer_dev=0.00...
epoch 1 batch 3/7 processed 24 batch-loss 21828.2754 mAP 0.0000 action acc 0.7597 phrase acc 0.7597 activity acc 0.7291 grad-norm 42211.0312 epoch-elapsed 0h00m04s total-elapsed 0h00m04s
epoch 1 batch 4/7 processed 33 batch-loss 47220.7471 mAP 0.0000 action acc 0.8151 phrase acc 0.8151 activity acc 0.3067 grad-norm 133738.7500 epoch-elapsed 0h00m05s total-elapsed 0h00m05s
dev-fscore 0.0 train-fscore 0.0 dev-elapsed 0h00m01s total-elapsed 0h00m06s
epoch 1 batch 5/7 processed 41 batch-loss 21364.9453 mAP 0.0000 action acc 0.7311 phrase acc 0.7311 activity acc 0.8252 grad-norm 38245.6055 epoch-elapsed 0h00m06s total-elapsed 0h00m06s
dev-fscore 0.0 train-fscore 0.0 dev-elapsed 0h00m01s total-elapsed 0h00m08s
epoch 1 batch 6/7 processed 51 batch-loss 38860.6182 mAP 0.0000 action acc 0.8299 phrase acc 0.8299 activity acc 0.0000 grad-norm 133109.0312 epoch-elapsed 0h00m08s total-elapsed 0h00m08s
dev-fscore 0.0 train-fscore 0.0 dev-elapsed 0h00m01s total-elapsed 0h00m09s
epoch 1 batch 7/7 processed 52 batch-loss 38431.5391 mAP 0.0000 action acc 0.0000 phrase acc 0.2969 activity acc 0.0000 grad-norm 104663.5156 epoch-elapsed 0h00m10s total-elapsed 0h00m10s
epoch 2 batch 1/7 processed 61 batch-loss 29893.5811 mAP 0.0000 action acc 0.0136 phrase acc 0.7704 activity acc 0.2737 grad-norm 75685.6406 epoch-elapsed 0h00m00s total-elapsed 0h00m10s
epoch 2 batch 2/7 processed 69 batch-loss 25815.8867 mAP 0.0000 action acc 0.0072 phrase acc 0.7993 activity acc 0.4932 grad-norm 33237.4336 epoch-elapsed 0h00m01s total-elapsed 0h00m11s
dev-fscore 0.0 train-fscore 0.0 dev-elapsed 0h00m01s total-elapsed 0h00m12s
epoch 2 batch 3/7 processed 77 batch-loss 33054.4805 mAP 0.0000 action acc 0.7455 phrase acc 0.7455 activity acc 0.5013 grad-norm 55560.6367 epoch-elapsed 0h00m02s total-elapsed 0h00m13s
dev-fscore 0.0 train-fscore 0.0 dev-elapsed 0h00m01s total-elapsed 0h00m14s
epoch 2 batch 4/7 processed 85 batch-loss 36059.5820 mAP 0.0000 action acc 0.7015 phrase acc 0.7015 activity acc 0.5289 grad-norm 35805.6055 epoch-elapsed 0h00m04s total-elapsed 0h00m14s
epoch 2 batch 5/7 processed 95 batch-loss 31033.4004 mAP 0.0000 action acc 0.8287 phrase acc 0.8287 activity acc 0.0000 grad-norm 76283.1094 epoch-elapsed 0h00m05s total-elapsed 0h00m15s
dev-fscore 0.0 train-fscore 0.0 dev-elapsed 0h00m01s total-elapsed 0h00m16s
epoch 2 batch 6/7 processed 103 batch-loss 30476.8164 mAP 0.0000 action acc 0.7888 phrase acc 0.7888 activity acc 0.1475 grad-norm 92115.7969 epoch-elapsed 0h00m07s total-elapsed 0h00m17s
dev-fscore 0.0 train-fscore 0.0 dev-elapsed 0h00m01s total-elapsed 0h00m18s
epoch 2 batch 7/7 processed 104 batch-loss 2298.8135 mAP 0.0000 action acc 0.0000 phrase acc 0.0000 activity acc 0.0000 grad-norm 3783.1372 epoch-elapsed 0h00m08s total-elapsed 0h00m18s
epoch 3 batch 1/7 processed 112 batch-loss 21087.1348 mAP 0.0000 action acc 0.0000 phrase acc 0.8037 activity acc 0.5597 grad-norm 44610.3984 epoch-elapsed 0h00m00s total-elapsed 0h00m19s
dev-fscore 0.0 train-fscore 0.0 dev-elapsed 0h00m01s total-elapsed 0h00m20s
epoch 3 batch 2/7 processed 120 batch-loss 36923.6133 mAP 0.0000 action acc 0.3476 phrase acc 0.6942 activity acc 0.7138 grad-norm 42443.9453 epoch-elapsed 0h00m02s total-elapsed 0h00m20s
epoch 3 batch 3/7 processed 128 batch-loss 22918.6172 mAP 0.0000 action acc 0.7536 phrase acc 0.7536 activity acc 0.6706 grad-norm 251608.0938 epoch-elapsed 0h00m02s total-elapsed 0h00m21s
dev-fscore 0.0 train-fscore 0.0 dev-elapsed 0h00m01s total-elapsed 0h00m22s
epoch 3 batch 4/7 processed 136 batch-loss 36920.8848 mAP 0.0000 action acc 0.8249 phrase acc 0.8249 activity acc 0.1374 grad-norm 79453.5078 epoch-elapsed 0h00m04s total-elapsed 0h00m23s
dev-fscore 0.0 train-fscore 0.0 dev-elapsed 0h00m01s total-elapsed 0h00m24s
epoch 3 batch 5/7 processed 144 batch-loss 31503.0586 mAP 0.0000 action acc 0.7650 phrase acc 0.7650 activity acc 0.4000 grad-norm 129498896.0000 epoch-elapsed 0h00m06s total-elapsed 0h00m25s
epoch 3 batch 6/7 processed 155 batch-loss 38616.8711 mAP 0.0001 action acc 0.1988 phrase acc 0.7662 activity acc 0.3428 grad-norm 4470419968.0000 epoch-elapsed 0h00m07s total-elapsed 0h00m25s
dev-fscore 9.09090909090909e-05 train-fscore 7.352941176470589e-05 dev-elapsed 0h00m01s total-elapsed 0h00m27s
Removing previous model file models/finegym_transformer_dev=0.00.pt...
Saving new best model to models/finegym_transformer_dev=0.00...
epoch 3 batch 7/7 processed 156 batch-loss 32081.1992 mAP 0.0001 action acc 0.7778 phrase acc 0.7778 activity acc 0.0000 grad-norm 127476088.0000 epoch-elapsed 0h00m10s total-elapsed 0h00m28s
epoch 4 batch 1/7 processed 164 batch-loss 17680.4102 mAP 0.0000 action acc 0.7700 phrase acc 0.7700 activity acc 0.6860 grad-norm 2672147.5000 epoch-elapsed 0h00m00s total-elapsed 0h00m29s
dev-fscore 0.0 train-fscore 0.0 dev-elapsed 0h00m01s total-elapsed 0h00m30s
epoch 4 batch 2/7 processed 174 batch-loss 33663.1506 mAP 0.0000 action acc 0.0855 phrase acc 0.7587 activity acc 0.7148 grad-norm 4366729216.0000 epoch-elapsed 0h00m02s total-elapsed 0h00m31s
dev-fscore 0.0 train-fscore 0.0 dev-elapsed 0h00m01s total-elapsed 0h00m32s
epoch 4 batch 3/7 processed 182 batch-loss 30656.4414 mAP 0.0000 action acc 0.7848 phrase acc 0.7848 activity acc 0.6355 grad-norm 66662232.0000 epoch-elapsed 0h00m04s total-elapsed 0h00m33s
epoch 4 batch 4/7 processed 191 batch-loss 16945.8328 mAP 0.0000 action acc 0.7511 phrase acc 0.7511 activity acc 0.6973 grad-norm 3804941778944.0000 epoch-elapsed 0h00m04s total-elapsed 0h00m33s
dev-fscore 0.0 train-fscore 0.0 dev-elapsed 0h00m01s total-elapsed 0h00m34s
epoch 4 batch 5/7 processed 199 batch-loss 36403.7422 mAP 0.0000 action acc 0.0000 phrase acc 0.8384 activity acc 0.5379 grad-norm 74004056506368.0000 epoch-elapsed 0h00m06s total-elapsed 0h00m35s
dev-fscore 0.0 train-fscore 0.0 dev-elapsed 0h00m01s total-elapsed 0h00m36s
epoch 4 batch 6/7 processed 207 batch-loss 26063.8086 mAP 0.0000 action acc 0.7423 phrase acc 0.7423 activity acc 0.6606 grad-norm 12368164864.0000 epoch-elapsed 0h00m08s total-elapsed 0h00m37s
epoch 4 batch 7/7 processed 208 batch-loss 6867.9468 mAP 0.0000 action acc 0.7937 phrase acc 0.7937 activity acc 0.9841 grad-norm 8372.1387 epoch-elapsed 0h00m08s total-elapsed 0h00m37s
epoch 5 batch 1/7 processed 216 batch-loss 39380.0938 mAP 0.0000 action acc 0.8226 phrase acc 0.8226 activity acc 0.4762 grad-norm 212977.8750 epoch-elapsed 0h00m00s total-elapsed 0h00m38s
dev-fscore 0 train-fscore 0 dev-elapsed 0h00m01s total-elapsed 0h00m39s
epoch 5 batch 2/7 processed 224 batch-loss 52372.7930 mAP 0.0000 action acc 0.7794 phrase acc 0.7794 activity acc 0.3207 grad-norm 280880992.0000 epoch-elapsed 0h00m02s total-elapsed 0h00m39s
dev-fscore 0 train-fscore 0 dev-elapsed 0h00m01s total-elapsed 0h00m41s
epoch 5 batch 3/7 processed 232 batch-loss 23245.8398 mAP 0.0000 action acc 0.7495 phrase acc 0.7495 activity acc 0.7239 grad-norm 12793.8926 epoch-elapsed 0h00m04s total-elapsed 0h00m41s
epoch 5 batch 4/7 processed 242 batch-loss 22564.3577 mAP 0.0000 action acc 0.7802 phrase acc 0.7802 activity acc 0.8030 grad-norm 11853489.0000 epoch-elapsed 0h00m04s total-elapsed 0h00m42s
dev-fscore 0.0 train-fscore 0.0 dev-elapsed 0h00m01s total-elapsed 0h00m43s
epoch 5 batch 5/7 processed 251 batch-loss 21285.6680 mAP 0.0000 action acc 0.0014 phrase acc 0.8429 activity acc 0.4876 grad-norm 8144.6680 epoch-elapsed 0h00m06s total-elapsed 0h00m44s
dev-fscore 0.0 train-fscore 0.0 dev-elapsed 0h00m01s total-elapsed 0h00m45s
epoch 5 batch 6/7 processed 259 batch-loss 34621.3828 mAP 0.0000 action acc 0.5760 phrase acc 0.6340 activity acc 0.2603 grad-norm 25186.4492 epoch-elapsed 0h00m08s total-elapsed 0h00m45s
dev-fscore 0.0 train-fscore 0.0 dev-elapsed 0h00m01s total-elapsed 0h00m46s
epoch 5 batch 7/7 processed 260 batch-loss 3892.4224 mAP 0.0000 action acc 0.0000 phrase acc 0.0000 activity acc 0.9091 grad-norm 1869.0840 epoch-elapsed 0h00m09s total-elapsed 0h00m47s
epoch 6 batch 1/7 processed 268 batch-loss 14461.5332 mAP 0.0000 action acc 0.7691 phrase acc 0.7691 activity acc 0.9164 grad-norm 10475.7256 epoch-elapsed 0h00m00s total-elapsed 0h00m47s
epoch 6 batch 2/7 processed 277 batch-loss 28796.5940 mAP 0.0000 action acc 0.8290 phrase acc 0.8290 activity acc 0.8306 grad-norm 12895.7031 epoch-elapsed 0h00m01s total-elapsed 0h00m48s
dev-fscore 0.0 train-fscore 0.0 dev-elapsed 0h00m01s total-elapsed 0h00m49s
epoch 6 batch 3/7 processed 285 batch-loss 38601.8359 mAP 0.0000 action acc 0.0073 phrase acc 0.7357 activity acc 0.3948 grad-norm 16742.6641 epoch-elapsed 0h00m03s total-elapsed 0h00m50s
dev-fscore 0.0 train-fscore 0.0 dev-elapsed 0h00m01s total-elapsed 0h00m51s
epoch 6 batch 4/7 processed 295 batch-loss 18281.0083 mAP 0.0000 action acc 0.7658 phrase acc 0.7658 activity acc 0.3837 grad-norm 4370.5708 epoch-elapsed 0h00m04s total-elapsed 0h00m51s
dev-fscore 0.0 train-fscore 0.0 dev-elapsed 0h00m01s total-elapsed 0h00m52s
[34m[1mwandb[39m[22m: [32m[41mERROR[39m[49m Error while calling W&B API: could not find agent ipdxqwje during agentHeartbeat (<Response [404]>)
Exception in thread Thread-2:
Traceback (most recent call last):
  File "/data/xiaodan8/anaconda3/envs/parsing/lib/python3.7/site-packages/wandb/sdk/lib/retry.py", line 113, in __call__
    result = self._call_fn(*args, **kwargs)
  File "/data/xiaodan8/anaconda3/envs/parsing/lib/python3.7/site-packages/wandb/sdk/internal/internal_api.py", line 210, in execute
    return self.client.execute(*args, **kwargs)  # type: ignore
  File "/data/xiaodan8/anaconda3/envs/parsing/lib/python3.7/site-packages/wandb/vendor/gql-0.2.0/wandb_gql/client.py", line 52, in execute
    result = self._get_result(document, *args, **kwargs)
  File "/data/xiaodan8/anaconda3/envs/parsing/lib/python3.7/site-packages/wandb/vendor/gql-0.2.0/wandb_gql/client.py", line 60, in _get_result
    return self.transport.execute(document, *args, **kwargs)
  File "/data/xiaodan8/anaconda3/envs/parsing/lib/python3.7/site-packages/wandb/vendor/gql-0.2.0/wandb_gql/transport/requests.py", line 39, in execute
    request.raise_for_status()
  File "/data/xiaodan8/anaconda3/envs/parsing/lib/python3.7/site-packages/requests/models.py", line 1021, in raise_for_status
    raise HTTPError(http_error_msg, response=self)
requests.exceptions.HTTPError: 404 Client Error: Not Found for url: https://api.wandb.ai/graphql
During handling of the above exception, another exception occurred:
Traceback (most recent call last):
  File "/data/xiaodan8/anaconda3/envs/parsing/lib/python3.7/site-packages/wandb/sdk/internal/internal_api.py", line 2055, in agent_heartbeat
    timeout=60,
  File "/data/xiaodan8/anaconda3/envs/parsing/lib/python3.7/site-packages/wandb/sdk/lib/retry.py", line 129, in __call__
    retry_timedelta_triggered = check_retry_fn(e)
  File "/data/xiaodan8/anaconda3/envs/parsing/lib/python3.7/site-packages/wandb/util.py", line 994, in no_retry_auth
    raise CommError(f"Permission denied to access {wandb.run.path}")
wandb.errors.CommError: Permission denied to access xiaodan8/parsing/znwdzqf5
During handling of the above exception, another exception occurred:
Traceback (most recent call last):
  File "/data/xiaodan8/anaconda3/envs/parsing/lib/python3.7/threading.py", line 926, in _bootstrap_inner
    self.run()
  File "/data/xiaodan8/anaconda3/envs/parsing/lib/python3.7/threading.py", line 870, in run
    self._target(*self._args, **self._kwargs)
  File "/data/xiaodan8/anaconda3/envs/parsing/lib/python3.7/site-packages/wandb/agents/pyagent.py", line 166, in _heartbeat
    commands = self._api.agent_heartbeat(self._agent_id, {}, run_status)
  File "/data/xiaodan8/anaconda3/envs/parsing/lib/python3.7/site-packages/wandb/apis/internal.py", line 126, in agent_heartbeat
    return self.api.agent_heartbeat(*args, **kwargs)
  File "/data/xiaodan8/anaconda3/envs/parsing/lib/python3.7/site-packages/wandb/sdk/internal/internal_api.py", line 2059, in agent_heartbeat
    message = ast.literal_eval(e.args[0])["message"]
  File "/data/xiaodan8/anaconda3/envs/parsing/lib/python3.7/ast.py", line 46, in literal_eval
    node_or_string = parse(node_or_string, mode='eval')
  File "/data/xiaodan8/anaconda3/envs/parsing/lib/python3.7/ast.py", line 35, in parse
    return compile(source, filename, mode, PyCF_ONLY_AST)
  File "<unknown>", line 1
    Permission denied to access xiaodan8/parsing/znwdzqf5
                    ^
SyntaxError: invalid syntax
epoch 6 batch 5/7 processed 303 batch-loss 40043.0557 mAP 0.0000 action acc 0.8214 phrase acc 0.8214 activity acc 0.1969 grad-norm 24182.0684 epoch-elapsed 0h00m06s total-elapsed 0h00m53s
epoch 6 batch 6/7 processed 311 batch-loss 26329.5430 mAP 0.0000 action acc 0.7180 phrase acc 0.7180 activity acc 0.2903 grad-norm 11665.2773 epoch-elapsed 0h00m07s total-elapsed 0h00m54s
dev-fscore 0.0 train-fscore 0.0 dev-elapsed 0h00m01s total-elapsed 0h00m55s
epoch 6 batch 7/7 processed 312 batch-loss 39405.1406 mAP 0.0000 action acc 0.8049 phrase acc 0.8049 activity acc 0.0000 grad-norm 40638.1328 epoch-elapsed 0h00m08s total-elapsed 0h00m55s
epoch 7 batch 1/7 processed 320 batch-loss 27350.0859 mAP 0.0000 action acc 0.0022 phrase acc 0.8201 activity acc 0.5285 grad-norm 6755.9272 epoch-elapsed 0h00m00s total-elapsed 0h00m56s
dev-fscore 0.0 train-fscore 0.0 dev-elapsed 0h00m01s total-elapsed 0h00m57s
epoch 7 batch 2/7 processed 329 batch-loss 22553.3674 mAP 0.0000 action acc 0.7966 phrase acc 0.7966 activity acc 0.7940 grad-norm 4963.5581 epoch-elapsed 0h00m02s total-elapsed 0h00m58s
epoch 7 batch 3/7 processed 337 batch-loss 28093.6016 mAP 0.0000 action acc 0.7141 phrase acc 0.7141 activity acc 0.3204 grad-norm 13149.5254 epoch-elapsed 0h00m03s total-elapsed 0h00m58s
dev-fscore 0.0 train-fscore 0.0 dev-elapsed 0h00m01s total-elapsed 0h00m59s
epoch 7 batch 4/7 processed 345 batch-loss 34123.6021 mAP 0.0000 action acc 0.5596 phrase acc 0.8052 activity acc 0.1867 grad-norm 19861.7324 epoch-elapsed 0h00m04s total-elapsed 0h01m00s
dev-fscore 0.0 train-fscore 0.0 dev-elapsed 0h00m01s total-elapsed 0h01m01s
epoch 7 batch 5/7 processed 355 batch-loss 17860.8276 mAP 0.0000 action acc 0.0130 phrase acc 0.7969 activity acc 0.9352 grad-norm 15431.5420 epoch-elapsed 0h00m06s total-elapsed 0h01m02s
epoch 7 batch 6/7 processed 363 batch-loss 40201.5781 mAP 0.0000 action acc 0.0108 phrase acc 0.7089 activity acc 0.4665 grad-norm 17654.0000 epoch-elapsed 0h00m07s total-elapsed 0h01m02s
dev-fscore 0.0 train-fscore 0.0 dev-elapsed 0h00m01s total-elapsed 0h01m03s
epoch 7 batch 7/7 processed 364 batch-loss 12793.5098 mAP 0.0000 action acc 0.0000 phrase acc 0.0000 activity acc 0.0000 grad-norm 5834.0327 epoch-elapsed 0h00m08s total-elapsed 0h01m04s
epoch 8 batch 1/7 processed 373 batch-loss 26169.2705 mAP 0.0000 action acc 0.7664 phrase acc 0.7664 activity acc 0.8091 grad-norm 8088.7676 epoch-elapsed 0h00m00s total-elapsed 0h01m04s
dev-fscore 0 train-fscore 0 dev-elapsed 0h00m01s total-elapsed 0h01m05s
epoch 8 batch 2/7 processed 381 batch-loss 34024.5664 mAP 0.0000 action acc 0.7338 phrase acc 0.7338 activity acc 0.3279 grad-norm 5964.4766 epoch-elapsed 0h00m02s total-elapsed 0h01m06s
dev-fscore 0 train-fscore 0 dev-elapsed 0h00m01s total-elapsed 0h01m07s
epoch 8 batch 3/7 processed 389 batch-loss 26788.1367 mAP 0.0000 action acc 0.7801 phrase acc 0.7801 activity acc 0.5330 grad-norm 4606.7153 epoch-elapsed 0h00m03s total-elapsed 0h01m08s
epoch 8 batch 4/7 processed 399 batch-loss 29226.0776 mAP 0.0000 action acc 0.7676 phrase acc 0.7676 activity acc 0.3608 grad-norm 4217.9590 epoch-elapsed 0h00m04s total-elapsed 0h01m08s
dev-fscore 0 train-fscore 0 dev-elapsed 0h00m01s total-elapsed 0h01m09s
epoch 8 batch 5/7 processed 407 batch-loss 34120.2500 mAP 0.0000 action acc 0.3924 phrase acc 0.7880 activity acc 0.5459 grad-norm 6343.8877 epoch-elapsed 0h00m06s total-elapsed 0h01m10s
dev-fscore 0.0 train-fscore 0.0 dev-elapsed 0h00m01s total-elapsed 0h01m11s
epoch 8 batch 6/7 processed 415 batch-loss 33261.3711 mAP 0.0000 action acc 0.0000 phrase acc 0.8272 activity acc 0.5394 grad-norm 12793.9453 epoch-elapsed 0h00m08s total-elapsed 0h01m12s
epoch 8 batch 7/7 processed 416 batch-loss 14795.4375 mAP 0.0000 action acc 0.0000 phrase acc 0.0000 activity acc 0.0000 grad-norm 7370.0874 epoch-elapsed 0h00m08s total-elapsed 0h01m12s
epoch 9 batch 1/7 processed 424 batch-loss 44337.8984 mAP 0.0000 action acc 0.7938 phrase acc 0.7938 activity acc 0.2139 grad-norm 31452.7480 epoch-elapsed 0h00m00s total-elapsed 0h01m13s
dev-fscore 0 train-fscore 0 dev-elapsed 0h00m01s total-elapsed 0h01m14s
epoch 9 batch 2/7 processed 432 batch-loss 45235.9844 mAP 0.0000 action acc 0.7211 phrase acc 0.7211 activity acc 0.3592 grad-norm 7116.6533 epoch-elapsed 0h00m02s total-elapsed 0h01m15s
dev-fscore 0 train-fscore 0 dev-elapsed 0h00m01s total-elapsed 0h01m16s
epoch 9 batch 3/7 processed 440 batch-loss 35120.4658 mAP 0.0000 action acc 0.8017 phrase acc 0.8017 activity acc 0.1618 grad-norm 10953.3174 epoch-elapsed 0h00m04s total-elapsed 0h01m16s
epoch 9 batch 4/7 processed 450 batch-loss 24373.3438 mAP 0.0000 action acc 0.7873 phrase acc 0.7873 activity acc 0.7177 grad-norm 6002.5386 epoch-elapsed 0h00m04s total-elapsed 0h01m17s
dev-fscore 0.0 train-fscore 0.0 dev-elapsed 0h00m01s total-elapsed 0h01m18s
epoch 9 batch 5/7 processed 459 batch-loss 29579.4702 mAP 0.0000 action acc 0.0000 phrase acc 0.8102 activity acc 0.7766 grad-norm 8286.0635 epoch-elapsed 0h00m06s total-elapsed 0h01m19s
dev-fscore 0.0 train-fscore 0.0 dev-elapsed 0h00m01s total-elapsed 0h01m20s
epoch 9 batch 6/7 processed 467 batch-loss 33369.3438 mAP 0.0000 action acc 0.6955 phrase acc 0.6955 activity acc 0.5290 grad-norm 4597.2466 epoch-elapsed 0h00m08s total-elapsed 0h01m20s
dev-fscore 0.0 train-fscore 0.0 dev-elapsed 0h00m01s total-elapsed 0h01m21s
epoch 9 batch 7/7 processed 468 batch-loss 35713.1602 mAP 0.0000 action acc 0.8429 phrase acc 0.8429 activity acc 0.0000 grad-norm 24123.3320 epoch-elapsed 0h00m09s total-elapsed 0h01m22s
epoch 10 batch 1/7 processed 479 batch-loss 24694.2588 mAP 0.0000 action acc 0.0106 phrase acc 0.7527 activity acc 0.8995 grad-norm 10792.7041 epoch-elapsed 0h00m00s total-elapsed 0h01m22s
dev-fscore 0.0 train-fscore 0.0 dev-elapsed 0h00m01s total-elapsed 0h01m23s
epoch 10 batch 2/7 processed 487 batch-loss 28959.6992 mAP 0.0000 action acc 0.8043 phrase acc 0.8043 activity acc 0.2643 grad-norm 12608.6230 epoch-elapsed 0h00m02s total-elapsed 0h01m24s
epoch 10 batch 3/7 processed 495 batch-loss 32933.5781 mAP 0.0000 action acc 0.8023 phrase acc 0.8023 activity acc 0.3961 grad-norm 6514.5444 epoch-elapsed 0h00m03s total-elapsed 0h01m25s
dev-fscore 0.0 train-fscore 0.0 dev-elapsed 0h00m01s total-elapsed 0h01m26s
epoch 10 batch 4/7 processed 503 batch-loss 41688.0054 mAP 0.0000 action acc 0.2019 phrase acc 0.7571 activity acc 0.4983 grad-norm 14501.1797 epoch-elapsed 0h00m05s total-elapsed 0h01m27s
dev-fscore 0.0 train-fscore 0.0 dev-elapsed 0h00m01s total-elapsed 0h01m28s
epoch 10 batch 5/7 processed 511 batch-loss 33054.2031 mAP 0.0000 action acc 0.0246 phrase acc 0.6995 activity acc 0.3262 grad-norm 11125.2383 epoch-elapsed 0h00m06s total-elapsed 0h01m28s
epoch 10 batch 6/7 processed 519 batch-loss 23928.3379 mAP 0.0000 action acc 0.8340 phrase acc 0.8340 activity acc 0.2611 grad-norm 22088.5293 epoch-elapsed 0h00m07s total-elapsed 0h01m29s
dev-fscore 0.0 train-fscore 0.0 dev-elapsed 0h00m01s total-elapsed 0h01m30s
epoch 10 batch 7/7 processed 520 batch-loss 24466.5508 mAP 0.0000 action acc 0.7778 phrase acc 0.7778 activity acc 0.0000 grad-norm 17677.6484 epoch-elapsed 0h00m08s total-elapsed 0h01m30s
epoch 11 batch 1/7 processed 528 batch-loss 32715.6641 mAP 0.0000 action acc 0.7449 phrase acc 0.7449 activity acc 0.1758 grad-norm 12932.4297 epoch-elapsed 0h00m00s total-elapsed 0h01m31s
dev-fscore 0 train-fscore 0 dev-elapsed 0h00m01s total-elapsed 0h01m32s
epoch 11 batch 2/7 processed 537 batch-loss 30444.6968 mAP 0.0000 action acc 0.8052 phrase acc 0.8052 activity acc 0.4168 grad-norm 8408.8379 epoch-elapsed 0h00m02s total-elapsed 0h01m33s
epoch 11 batch 3/7 processed 545 batch-loss 29766.9961 mAP 0.0000 action acc 0.0101 phrase acc 0.7747 activity acc 0.2173 grad-norm 372358.9375 epoch-elapsed 0h00m03s total-elapsed 0h01m34s
dev-fscore 0.0 train-fscore 0.0 dev-elapsed 0h00m01s total-elapsed 0h01m35s
epoch 11 batch 4/7 processed 553 batch-loss 21925.1875 mAP 0.0000 action acc 0.0071 phrase acc 0.7236 activity acc 0.8632 grad-norm 12946.5674 epoch-elapsed 0h00m04s total-elapsed 0h01m35s
dev-fscore 0.0 train-fscore 0.0 dev-elapsed 0h00m01s total-elapsed 0h01m37s
epoch 11 batch 5/7 processed 563 batch-loss 27907.8462 mAP 0.0000 action acc 0.0026 phrase acc 0.7737 activity acc 0.8729 grad-norm 9728.7256 epoch-elapsed 0h00m06s total-elapsed 0h01m37s
epoch 11 batch 6/7 processed 571 batch-loss 46427.1797 mAP 0.0000 action acc 0.8096 phrase acc 0.8096 activity acc 0.4152 grad-norm 13038.1611 epoch-elapsed 0h00m07s total-elapsed 0h01m38s
dev-fscore 0.0 train-fscore 0.0 dev-elapsed 0h00m01s total-elapsed 0h01m39s
epoch 11 batch 7/7 processed 572 batch-loss 16932.0078 mAP 0.0000 action acc 0.7937 phrase acc 0.7937 activity acc 0.0000 grad-norm 9524.6367 epoch-elapsed 0h00m08s total-elapsed 0h01m39s
epoch 12 batch 1/7 processed 580 batch-loss 32445.3750 mAP 0.0000 action acc 0.6995 phrase acc 0.6995 activity acc 0.3096 grad-norm 6740.5728 epoch-elapsed 0h00m00s total-elapsed 0h01m40s
dev-fscore 0.0 train-fscore 0.0 dev-elapsed 0h00m01s total-elapsed 0h01m41s
epoch 12 batch 2/7 processed 588 batch-loss 37983.8828 mAP 0.0000 action acc 0.0000 phrase acc 0.8231 activity acc 0.3800 grad-norm 18574.0625 epoch-elapsed 0h00m02s total-elapsed 0h01m42s
dev-fscore 0.0 train-fscore 0.0 dev-elapsed 0h00m01s total-elapsed 0h01m43s
epoch 12 batch 3/7 processed 596 batch-loss 38941.5469 mAP 0.0000 action acc 0.8028 phrase acc 0.8028 activity acc 0.5953 grad-norm 2896.8899 epoch-elapsed 0h00m04s total-elapsed 0h01m44s
epoch 12 batch 4/7 processed 604 batch-loss 43891.7148 mAP 0.0000 action acc 0.6866 phrase acc 0.6866 activity acc 0.4686 grad-norm 8616.6123 epoch-elapsed 0h00m04s total-elapsed 0h01m44s
dev-fscore 0.0 train-fscore 0.0 dev-elapsed 0h00m01s total-elapsed 0h01m45s
epoch 12 batch 5/7 processed 612 batch-loss 43073.8906 mAP 0.0000 action acc 0.7907 phrase acc 0.7907 activity acc 0.4479 grad-norm 4886.0850 epoch-elapsed 0h00m06s total-elapsed 0h01m46s
epoch 12 batch 6/7 processed 623 batch-loss 24879.6191 mAP 0.0000 action acc 0.7363 phrase acc 0.7363 activity acc 0.9161 grad-norm 14381.7080 epoch-elapsed 0h00m07s total-elapsed 0h01m47s
dev-fscore 0.0 train-fscore 0.0 dev-elapsed 0h00m01s total-elapsed 0h01m48s
epoch 12 batch 7/7 processed 624 batch-loss 45979.5117 mAP 0.0000 action acc 0.8486 phrase acc 0.8486 activity acc 0.0000 grad-norm 21377.6992 epoch-elapsed 0h00m08s total-elapsed 0h01m48s
epoch 13 batch 1/7 processed 632 batch-loss 50864.5234 mAP 0.0000 action acc 0.0000 phrase acc 0.8025 activity acc 0.6148 grad-norm 11211.4971 epoch-elapsed 0h00m00s total-elapsed 0h01m49s
dev-fscore 0.0 train-fscore 0.0 dev-elapsed 0h00m01s total-elapsed 0h01m50s
epoch 13 batch 2/7 processed 640 batch-loss 57623.0391 mAP 0.0000 action acc 0.0000 phrase acc 0.6496 activity acc 0.1346 grad-norm 13560.6387 epoch-elapsed 0h00m02s total-elapsed 0h01m50s
dev-fscore 0.0 train-fscore 0.0 dev-elapsed 0h00m01s total-elapsed 0h01m51s
epoch 13 batch 3/7 processed 650 batch-loss 25390.4146 mAP 0.0000 action acc 0.7641 phrase acc 0.7641 activity acc 0.2478 grad-norm 4636.6440 epoch-elapsed 0h00m03s total-elapsed 0h01m52s
dev-fscore 0.0 train-fscore 0.0 dev-elapsed 0h00m01s total-elapsed 0h01m53s
epoch 13 batch 4/7 processed 658 batch-loss 49629.3945 mAP 0.0000 action acc 0.7686 phrase acc 0.7686 activity acc 0.2237 grad-norm 11600.2383 epoch-elapsed 0h00m05s total-elapsed 0h01m54s
epoch 13 batch 5/7 processed 666 batch-loss 41198.6758 mAP 0.0000 action acc 0.8307 phrase acc 0.8307 activity acc 0.4904 grad-norm 5304.0391 epoch-elapsed 0h00m06s total-elapsed 0h01m54s
dev-fscore 0.0 train-fscore 0.0 dev-elapsed 0h00m01s total-elapsed 0h01m55s
epoch 13 batch 6/7 processed 675 batch-loss 45183.3188 mAP 0.0000 action acc 0.8020 phrase acc 0.8020 activity acc 0.4983 grad-norm 9062.0215 epoch-elapsed 0h00m08s total-elapsed 0h01m56s
dev-fscore 0.0 train-fscore 0.0 dev-elapsed 0h00m01s total-elapsed 0h01m57s
epoch 13 batch 7/7 processed 676 batch-loss 2793.1309 mAP 0.0000 action acc 0.0000 phrase acc 0.0000 activity acc 0.7500 grad-norm 722.2506 epoch-elapsed 0h00m09s total-elapsed 0h01m58s
epoch 14 batch 1/7 processed 685 batch-loss 52140.6738 mAP 0.0000 action acc 0.0000 phrase acc 0.8437 activity acc 0.0000 grad-norm 15742.7100 epoch-elapsed 0h00m00s total-elapsed 0h01m58s
epoch 14 batch 2/7 processed 693 batch-loss 24981.9785 mAP 0.0000 action acc 0.7401 phrase acc 0.7401 activity acc 0.0093 grad-norm 7219.2280 epoch-elapsed 0h00m01s total-elapsed 0h01m59s
dev-fscore 0.0 train-fscore 0.0 dev-elapsed 0h00m01s total-elapsed 0h02m00s
epoch 14 batch 3/7 processed 701 batch-loss 38719.4805 mAP 0.0000 action acc 0.0196 phrase acc 0.7761 activity acc 0.8865 grad-norm 11115.1611 epoch-elapsed 0h00m02s total-elapsed 0h02m00s
dev-fscore 0.0 train-fscore 0.0 dev-elapsed 0h00m01s total-elapsed 0h02m01s
epoch 14 batch 4/7 processed 711 batch-loss 49126.6836 mAP 0.0000 action acc 0.7734 phrase acc 0.7734 activity acc 0.8907 grad-norm 7907.0151 epoch-elapsed 0h00m04s total-elapsed 0h02m02s
dev-fscore 0.0 train-fscore 0.0 dev-elapsed 0h00m01s total-elapsed 0h02m03s
epoch 14 batch 5/7 processed 719 batch-loss 52800.3672 mAP 0.0000 action acc 0.7674 phrase acc 0.7674 activity acc 0.1466 grad-norm 11584.3701 epoch-elapsed 0h00m06s total-elapsed 0h02m04s
epoch 14 batch 6/7 processed 727 batch-loss 65260.9873 mAP 0.0000 action acc 0.7833 phrase acc 0.7833 activity acc 0.1064 grad-norm 12316.8584 epoch-elapsed 0h00m07s total-elapsed 0h02m05s
dev-fscore 0.0 train-fscore 0.0 dev-elapsed 0h00m01s total-elapsed 0h02m06s
epoch 14 batch 7/7 processed 728 batch-loss 8210.5195 mAP 0.0000 action acc 0.0000 phrase acc 0.0000 activity acc 0.9167 grad-norm 1262.1886 epoch-elapsed 0h00m08s total-elapsed 0h02m06s
epoch 15 batch 1/7 processed 737 batch-loss 36468.6050 mAP 0.0000 action acc 0.0050 phrase acc 0.7815 activity acc 0.7633 grad-norm 6468.0815 epoch-elapsed 0h00m00s total-elapsed 0h02m07s
dev-fscore 0.0 train-fscore 0.0 dev-elapsed 0h00m01s total-elapsed 0h02m08s
epoch 15 batch 2/7 processed 745 batch-loss 39348.7734 mAP 0.0000 action acc 0.0053 phrase acc 0.7683 activity acc 0.6493 grad-norm 8418.0889 epoch-elapsed 0h00m02s total-elapsed 0h02m08s
epoch 15 batch 3/7 processed 755 batch-loss 32651.0928 mAP 0.0000 action acc 0.7496 phrase acc 0.7496 activity acc 0.5908 grad-norm 1938.3440 epoch-elapsed 0h00m03s total-elapsed 0h02m09s
dev-fscore 0.0 train-fscore 0.0 dev-elapsed 0h00m01s total-elapsed 0h02m10s
epoch 15 batch 4/7 processed 763 batch-loss 28992.4609 mAP 0.0000 action acc 0.7928 phrase acc 0.7928 activity acc 0.3718 grad-norm 4963.7925 epoch-elapsed 0h00m04s total-elapsed 0h02m11s
dev-fscore 0.0 train-fscore 0.0 dev-elapsed 0h00m01s total-elapsed 0h02m12s
epoch 15 batch 5/7 processed 771 batch-loss 38621.8086 mAP 0.0000 action acc 0.8171 phrase acc 0.8171 activity acc 0.6309 grad-norm 12299.9043 epoch-elapsed 0h00m06s total-elapsed 0h02m12s
epoch 15 batch 6/7 processed 779 batch-loss 83265.1562 mAP 0.0000 action acc 0.0000 phrase acc 0.0322 activity acc 0.2466 grad-norm 51473.0781 epoch-elapsed 0h00m07s total-elapsed 0h02m13s
dev-fscore 0.0 train-fscore 0.0 dev-elapsed 0h00m01s total-elapsed 0h02m14s
epoch 15 batch 7/7 processed 780 batch-loss 44754.5938 mAP 0.0000 action acc 0.3023 phrase acc 0.3023 activity acc 0.0000 grad-norm 14001.1338 epoch-elapsed 0h00m08s total-elapsed 0h02m14s
epoch 16 batch 1/7 processed 788 batch-loss 59200.3359 mAP 0.0000 action acc 0.7071 phrase acc 0.7071 activity acc 0.7108 grad-norm 7131.9136 epoch-elapsed 0h00m00s total-elapsed 0h02m15s
dev-fscore 0.0 train-fscore 0.0 dev-elapsed 0h00m01s total-elapsed 0h02m16s
epoch 16 batch 2/7 processed 797 batch-loss 70834.7627 mAP 0.0000 action acc 0.0033 phrase acc 0.7888 activity acc 0.8832 grad-norm 16159.4707 epoch-elapsed 0h00m02s total-elapsed 0h02m17s
dev-fscore 0.0 train-fscore 0.0 dev-elapsed 0h00m01s total-elapsed 0h02m18s
epoch 16 batch 3/7 processed 807 batch-loss 52509.2334 mAP 0.0000 action acc 0.7871 phrase acc 0.7871 activity acc 0.4201 grad-norm 2910.1548 epoch-elapsed 0h00m04s total-elapsed 0h02m19s
epoch 16 batch 4/7 processed 815 batch-loss 50902.1055 mAP 0.0000 action acc 0.8124 phrase acc 0.8124 activity acc 0.5706 grad-norm 5694.0596 epoch-elapsed 0h00m05s total-elapsed 0h02m19s
dev-fscore 0.0 train-fscore 0.0 dev-elapsed 0h00m01s total-elapsed 0h02m21s
epoch 16 batch 5/7 processed 823 batch-loss 73797.0127 mAP 0.0000 action acc 0.8409 phrase acc 0.8409 activity acc 0.0219 grad-norm 17005.9453 epoch-elapsed 0h00m06s total-elapsed 0h02m21s
dev-fscore 0.0 train-fscore 0.0 dev-elapsed 0h00m01s total-elapsed 0h02m22s
epoch 16 batch 6/7 processed 831 batch-loss 47676.4609 mAP 0.0000 action acc 0.6884 phrase acc 0.6884 activity acc 0.4195 grad-norm 2406.9243 epoch-elapsed 0h00m08s total-elapsed 0h02m23s
epoch 16 batch 7/7 processed 832 batch-loss 76743.9844 mAP 0.0000 action acc 0.0000 phrase acc 0.4265 activity acc 0.0000 grad-norm 13440.4336 epoch-elapsed 0h00m08s total-elapsed 0h02m23s
epoch 17 batch 1/7 processed 840 batch-loss 63999.0703 mAP 0.0000 action acc 0.0000 phrase acc 0.5780 activity acc 0.0390 grad-norm 7366.6172 epoch-elapsed 0h00m00s total-elapsed 0h02m24s
dev-fscore 0.0 train-fscore 0.0 dev-elapsed 0h00m01s total-elapsed 0h02m25s
epoch 17 batch 2/7 processed 848 batch-loss 56964.5742 mAP 0.0000 action acc 0.0000 phrase acc 0.7270 activity acc 0.2676 grad-norm 12579.8076 epoch-elapsed 0h00m02s total-elapsed 0h02m25s
dev-fscore 0.0 train-fscore 0.0 dev-elapsed 0h00m01s total-elapsed 0h02m26s
epoch 17 batch 3/7 processed 856 batch-loss 59324.4922 mAP 0.0000 action acc 0.6901 phrase acc 0.6901 activity acc 0.1744 grad-norm 4734.8345 epoch-elapsed 0h00m03s total-elapsed 0h02m27s
epoch 17 batch 4/7 processed 864 batch-loss 75077.2109 mAP 0.0000 action acc 0.8376 phrase acc 0.8376 activity acc 0.5988 grad-norm 7877.9873 epoch-elapsed 0h00m04s total-elapsed 0h02m28s
dev-fscore 0.0 train-fscore 0.0 dev-elapsed 0h00m01s total-elapsed 0h02m29s
epoch 17 batch 5/7 processed 875 batch-loss 60023.8496 mAP 0.0000 action acc 0.7827 phrase acc 0.7827 activity acc 0.1604 grad-norm 6965.1982 epoch-elapsed 0h00m06s total-elapsed 0h02m30s
dev-fscore 0.0 train-fscore 0.0 dev-elapsed 0h00m01s total-elapsed 0h02m31s
epoch 17 batch 6/7 processed 883 batch-loss 79932.9688 mAP 0.0000 action acc 0.8178 phrase acc 0.8178 activity acc 0.3108 grad-norm 10988.1514 epoch-elapsed 0h00m08s total-elapsed 0h02m31s
dev-fscore 0.0 train-fscore 0.0 dev-elapsed 0h00m01s total-elapsed 0h02m33s
epoch 17 batch 7/7 processed 884 batch-loss 15460.4199 mAP 0.0000 action acc 0.0000 phrase acc 0.0000 activity acc 0.0000 grad-norm 1395.5508 epoch-elapsed 0h00m09s total-elapsed 0h02m33s
epoch 18 batch 1/7 processed 892 batch-loss 120962.5938 mAP 0.0000 action acc 0.0081 phrase acc 0.7127 activity acc 0.4020 grad-norm 18335.2969 epoch-elapsed 0h00m00s total-elapsed 0h02m33s
epoch 18 batch 2/7 processed 901 batch-loss 78997.0273 mAP 0.0000 action acc 0.0051 phrase acc 0.7757 activity acc 0.6232 grad-norm 12115.5098 epoch-elapsed 0h00m01s total-elapsed 0h02m34s
dev-fscore 0.0 train-fscore 0.0 dev-elapsed 0h00m01s total-elapsed 0h02m35s
epoch 18 batch 3/7 processed 909 batch-loss 75205.3848 mAP 0.0000 action acc 0.7626 phrase acc 0.7626 activity acc 0.0050 grad-norm 20475.1562 epoch-elapsed 0h00m03s total-elapsed 0h02m36s
dev-fscore 0.0 train-fscore 0.0 dev-elapsed 0h00m01s total-elapsed 0h02m37s
epoch 18 batch 4/7 processed 917 batch-loss 82308.1250 mAP 0.0000 action acc 0.8044 phrase acc 0.8044 activity acc 0.5600 grad-norm 4789.9658 epoch-elapsed 0h00m04s total-elapsed 0h02m38s
epoch 18 batch 5/7 processed 925 batch-loss 60567.1523 mAP 0.0000 action acc 0.7896 phrase acc 0.7896 activity acc 0.8985 grad-norm 9461.5264 epoch-elapsed 0h00m05s total-elapsed 0h02m38s
dev-fscore 0.0 train-fscore 0.0 dev-elapsed 0h00m01s total-elapsed 0h02m39s
epoch 18 batch 6/7 processed 935 batch-loss 59810.9268 mAP 0.0000 action acc 0.0096 phrase acc 0.7974 activity acc 0.8455 grad-norm 11631.5713 epoch-elapsed 0h00m07s total-elapsed 0h02m40s
dev-fscore 0.0 train-fscore 0.0 dev-elapsed 0h00m01s total-elapsed 0h02m41s
epoch 18 batch 7/7 processed 936 batch-loss 52663.6602 mAP 0.0000 action acc 0.0000 phrase acc 0.7778 activity acc 0.9915 grad-norm 23431.2305 epoch-elapsed 0h00m08s total-elapsed 0h02m41s
epoch 19 batch 1/7 processed 946 batch-loss 66565.8623 mAP 0.0000 action acc 0.8000 phrase acc 0.8000 activity acc 0.4723 grad-norm 3922.8572 epoch-elapsed 0h00m00s total-elapsed 0h02m42s
dev-fscore 0 train-fscore 0 dev-elapsed 0h00m01s total-elapsed 0h02m43s
epoch 19 batch 2/7 processed 954 batch-loss 96219.1094 mAP 0.0000 action acc 0.7258 phrase acc 0.7258 activity acc 0.2262 grad-norm 10296.6650 epoch-elapsed 0h00m02s total-elapsed 0h02m44s
epoch 19 batch 3/7 processed 962 batch-loss 67075.4219 mAP 0.0000 action acc 0.7139 phrase acc 0.7139 activity acc 0.3602 grad-norm 6049.3965 epoch-elapsed 0h00m03s total-elapsed 0h02m44s
dev-fscore 0.0 train-fscore 0.0 dev-elapsed 0h00m01s total-elapsed 0h02m45s
epoch 19 batch 4/7 processed 970 batch-loss 89601.5469 mAP 0.0000 action acc 0.0015 phrase acc 0.8140 activity acc 0.3148 grad-norm 26778.1328 epoch-elapsed 0h00m04s total-elapsed 0h02m46s
dev-fscore 0.0 train-fscore 0.0 dev-elapsed 0h00m01s total-elapsed 0h02m47s
epoch 19 batch 5/7 processed 979 batch-loss 79469.9062 mAP 0.0000 action acc 0.8297 phrase acc 0.8297 activity acc 0.7156 grad-norm 6341.0161 epoch-elapsed 0h00m06s total-elapsed 0h02m48s
epoch 19 batch 6/7 processed 987 batch-loss 48795.6719 mAP 0.0000 action acc 0.7603 phrase acc 0.7603 activity acc 0.8113 grad-norm 3681.7063 epoch-elapsed 0h00m07s total-elapsed 0h02m49s
dev-fscore 0.0 train-fscore 0.0 dev-elapsed 0h00m01s total-elapsed 0h02m50s
epoch 19 batch 7/7 processed 988 batch-loss 18174.3066 mAP 0.0000 action acc 0.0000 phrase acc 0.4211 activity acc 0.0000 grad-norm 3150.3984 epoch-elapsed 0h00m08s total-elapsed 0h02m50s
epoch 20 batch 1/7 processed 996 batch-loss 238270.3750 mAP 0.0000 action acc 0.0048 phrase acc 0.0095 activity acc 0.4185 grad-norm 135761.7969 epoch-elapsed 0h00m00s total-elapsed 0h02m50s
dev-fscore 0.0 train-fscore 0.0 dev-elapsed 0h00m01s total-elapsed 0h02m52s
epoch 20 batch 2/7 processed 1,004 batch-loss 87212.7812 mAP 0.0000 action acc 0.7431 phrase acc 0.7431 activity acc 0.5223 grad-norm 3383.4155 epoch-elapsed 0h00m02s total-elapsed 0h02m52s
epoch 20 batch 3/7 processed 1,012 batch-loss 153357.5371 mAP 0.0000 action acc 0.8291 phrase acc 0.8291 activity acc 0.7464 grad-norm 10395.6396 epoch-elapsed 0h00m03s total-elapsed 0h02m53s
dev-fscore 0.0 train-fscore 0.0 dev-elapsed 0h00m01s total-elapsed 0h02m54s
epoch 20 batch 4/7 processed 1,023 batch-loss 115313.9336 mAP 0.0000 action acc 0.7873 phrase acc 0.7873 activity acc 0.4008 grad-norm 62699.5859 epoch-elapsed 0h00m05s total-elapsed 0h02m55s
dev-fscore 0.0 train-fscore 0.0 dev-elapsed 0h00m01s total-elapsed 0h02m56s
epoch 20 batch 5/7 processed 1,031 batch-loss 162107.0469 mAP 0.0000 action acc 0.0060 phrase acc 0.7856 activity acc 0.6261 grad-norm 17319.6445 epoch-elapsed 0h00m06s total-elapsed 0h02m57s
dev-fscore 0.0 train-fscore 0.0 dev-elapsed 0h00m01s total-elapsed 0h02m58s
epoch 20 batch 6/7 processed 1,039 batch-loss 197786.2344 mAP 0.0000 action acc 0.0000 phrase acc 0.7576 activity acc 0.8626 grad-norm 18738.4375 epoch-elapsed 0h00m08s total-elapsed 0h02m59s
epoch 20 batch 7/7 processed 1,040 batch-loss 239157.7812 mAP 0.0000 action acc 0.4265 phrase acc 0.4265 activity acc 0.0000 grad-norm 11001.4004 epoch-elapsed 0h00m08s total-elapsed 0h02m59s
epoch 21 batch 1/7 processed 1,050 batch-loss 190334.2344 mAP 0.0000 action acc 0.7649 phrase acc 0.7649 activity acc 0.3457 grad-norm 4594.0566 epoch-elapsed 0h00m00s total-elapsed 0h03m00s
dev-fscore 0 train-fscore 0 dev-elapsed 0h00m01s total-elapsed 0h03m01s
epoch 21 batch 2/7 processed 1,058 batch-loss 158478.8281 mAP 0.0000 action acc 0.8303 phrase acc 0.8303 activity acc 0.6824 grad-norm 10434.2256 epoch-elapsed 0h00m02s total-elapsed 0h03m01s
dev-fscore 0 train-fscore 0 dev-elapsed 0h00m01s total-elapsed 0h03m02s
epoch 21 batch 3/7 processed 1,066 batch-loss 170492.1875 mAP 0.0000 action acc 0.8079 phrase acc 0.8079 activity acc 0.6505 grad-norm 3844.3594 epoch-elapsed 0h00m04s total-elapsed 0h03m03s
dev-fscore 0.0 train-fscore 0.0 dev-elapsed 0h00m01s total-elapsed 0h03m04s
epoch 21 batch 4/7 processed 1,075 batch-loss 265730.0938 mAP 0.0000 action acc 0.0010 phrase acc 0.8308 activity acc 0.3246 grad-norm 31090.1484 epoch-elapsed 0h00m06s total-elapsed 0h03m05s
epoch 21 batch 5/7 processed 1,083 batch-loss 190162.1094 mAP 0.0000 action acc 0.7668 phrase acc 0.7668 activity acc 0.4200 grad-norm 6282.8999 epoch-elapsed 0h00m06s total-elapsed 0h03m06s
dev-fscore 0.0 train-fscore 0.0 dev-elapsed 0h00m01s total-elapsed 0h03m07s
epoch 21 batch 6/7 processed 1,091 batch-loss 302431.7500 mAP 0.0000 action acc 0.4924 phrase acc 0.4924 activity acc 0.0305 grad-norm 8970.2998 epoch-elapsed 0h00m08s total-elapsed 0h03m07s
dev-fscore 0.0 train-fscore 0.0 dev-elapsed 0h00m01s total-elapsed 0h03m08s
epoch 21 batch 7/7 processed 1,092 batch-loss 340956.3438 mAP 0.0000 action acc 0.8043 phrase acc 0.8043 activity acc 0.9964 grad-norm 19961.0840 epoch-elapsed 0h00m09s total-elapsed 0h03m08s
epoch 22 batch 1/7 processed 1,100 batch-loss 213039.2812 mAP 0.0000 action acc 0.6572 phrase acc 0.7680 activity acc 0.2826 grad-norm 8501.3281 epoch-elapsed 0h00m00s total-elapsed 0h03m09s
epoch 22 batch 2/7 processed 1,108 batch-loss 167350.2188 mAP 0.0000 action acc 0.0000 phrase acc 0.6571 activity acc 0.7432 grad-norm 13150.4492 epoch-elapsed 0h00m01s total-elapsed 0h03m10s
dev-fscore 0.0 train-fscore 0.0 dev-elapsed 0h00m01s total-elapsed 0h03m11s
epoch 22 batch 3/7 processed 1,116 batch-loss 149563.3125 mAP 0.0000 action acc 0.0000 phrase acc 0.7940 activity acc 0.7388 grad-norm 27945.4902 epoch-elapsed 0h00m02s total-elapsed 0h03m11s
dev-fscore 0.0 train-fscore 0.0 dev-elapsed 0h00m01s total-elapsed 0h03m12s
epoch 22 batch 4/7 processed 1,125 batch-loss 120349.4238 mAP 0.0000 action acc 0.7721 phrase acc 0.7721 activity acc 0.6936 grad-norm 4262.8223 epoch-elapsed 0h00m04s total-elapsed 0h03m13s
epoch 22 batch 5/7 processed 1,135 batch-loss 129982.2246 mAP 0.0000 action acc 0.8307 phrase acc 0.8307 activity acc 0.2481 grad-norm 10360.3857 epoch-elapsed 0h00m05s total-elapsed 0h03m14s
dev-fscore 0.0 train-fscore 0.0 dev-elapsed 0h00m01s total-elapsed 0h03m15s
epoch 22 batch 6/7 processed 1,143 batch-loss 137813.1562 mAP 0.0000 action acc 0.7333 phrase acc 0.7333 activity acc 0.5382 grad-norm 5597.7598 epoch-elapsed 0h00m07s total-elapsed 0h03m16s
dev-fscore 0.0 train-fscore 0.0 dev-elapsed 0h00m01s total-elapsed 0h03m17s
epoch 22 batch 7/7 processed 1,144 batch-loss 111623.7109 mAP 0.0000 action acc 0.0000 phrase acc 0.8650 activity acc 0.9958 grad-norm 52194.9688 epoch-elapsed 0h00m08s total-elapsed 0h03m17s
epoch 23 batch 1/7 processed 1,152 batch-loss 95240.3438 mAP 0.0000 action acc 0.7857 phrase acc 0.7857 activity acc 0.7304 grad-norm 5083.4146 epoch-elapsed 0h00m00s total-elapsed 0h03m18s
dev-fscore 0 train-fscore 0 dev-elapsed 0h00m01s total-elapsed 0h03m19s
epoch 23 batch 2/7 processed 1,160 batch-loss 81717.7812 mAP 0.0000 action acc 0.8208 phrase acc 0.8208 activity acc 0.6517 grad-norm 9280.6201 epoch-elapsed 0h00m02s total-elapsed 0h03m19s
epoch 23 batch 3/7 processed 1,170 batch-loss 1902342.0000 mAP 0.0000 action acc 0.0093 phrase acc 0.0232 activity acc 0.0716 grad-norm 1319949.2500 epoch-elapsed 0h00m03s total-elapsed 0h03m20s
dev-fscore 0.0 train-fscore 0.0 dev-elapsed 0h00m01s total-elapsed 0h03m21s
epoch 23 batch 4/7 processed 1,178 batch-loss 248951.3281 mAP 0.0000 action acc 0.6154 phrase acc 0.6154 activity acc 0.6259 grad-norm 12094.5039 epoch-elapsed 0h00m04s total-elapsed 0h03m22s
dev-fscore 0.0 train-fscore 0.0 dev-elapsed 0h00m01s total-elapsed 0h03m23s
epoch 23 batch 5/7 processed 1,187 batch-loss 304367.8086 mAP 0.0000 action acc 0.0000 phrase acc 0.8237 activity acc 0.1282 grad-norm 16945026.0000 epoch-elapsed 0h00m06s total-elapsed 0h03m23s
epoch 23 batch 6/7 processed 1,195 batch-loss 404967.3750 mAP 0.0000 action acc 0.0000 phrase acc 0.8062 activity acc 0.5061 grad-norm 30097.2109 epoch-elapsed 0h00m07s total-elapsed 0h03m24s
dev-fscore 0.0 train-fscore 0.0 dev-elapsed 0h00m01s total-elapsed 0h03m25s
epoch 23 batch 7/7 processed 1,196 batch-loss 151000.9844 mAP 0.0000 action acc 0.0000 phrase acc 0.0000 activity acc 0.0000 grad-norm 3709.8533 epoch-elapsed 0h00m08s total-elapsed 0h03m25s
epoch 24 batch 1/7 processed 1,205 batch-loss 424402.1836 mAP 0.0000 action acc 0.7426 phrase acc 0.7426 activity acc 0.1019 grad-norm 36176.7734 epoch-elapsed 0h00m00s total-elapsed 0h03m26s
dev-fscore 0 train-fscore 0 dev-elapsed 0h00m01s total-elapsed 0h03m27s
epoch 24 batch 2/7 processed 1,215 batch-loss 370589.6055 mAP 0.0000 action acc 0.8154 phrase acc 0.8154 activity acc 0.7933 grad-norm 26025.3047 epoch-elapsed 0h00m02s total-elapsed 0h03m28s
dev-fscore 0 train-fscore 0 dev-elapsed 0h00m01s total-elapsed 0h03m29s
epoch 24 batch 3/7 processed 1,223 batch-loss 522134.5000 mAP 0.0000 action acc 0.8000 phrase acc 0.8000 activity acc 0.6305 grad-norm 11878.9492 epoch-elapsed 0h00m04s total-elapsed 0h03m30s
epoch 24 batch 4/7 processed 1,231 batch-loss 479707.5938 mAP 0.0000 action acc 0.0000 phrase acc 0.7236 activity acc 0.2479 grad-norm 28595.3379 epoch-elapsed 0h00m04s total-elapsed 0h03m30s
dev-fscore 0.0 train-fscore 0.0 dev-elapsed 0h00m01s total-elapsed 0h03m31s
epoch 24 batch 5/7 processed 1,239 batch-loss 423218.5977 mAP 0.0000 action acc 0.7203 phrase acc 0.7276 activity acc 0.3103 grad-norm 525426.2500 epoch-elapsed 0h00m06s total-elapsed 0h03m32s
dev-fscore 0.0 train-fscore 0.0 dev-elapsed 0h00m01s total-elapsed 0h03m33s
epoch 24 batch 6/7 processed 1,247 batch-loss 351213.2500 mAP 0.0000 action acc 0.8418 phrase acc 0.8418 activity acc 0.4003 grad-norm 11248.6396 epoch-elapsed 0h00m08s total-elapsed 0h03m34s
epoch 24 batch 7/7 processed 1,248 batch-loss 588480.8750 mAP 0.0000 action acc 0.0000 phrase acc 0.8037 activity acc 0.9939 grad-norm 46234.2188 epoch-elapsed 0h00m08s total-elapsed 0h03m34s
epoch 25 batch 1/7 processed 1,256 batch-loss 464976.4375 mAP 0.0000 action acc 0.7798 phrase acc 0.7798 activity acc 0.7459 grad-norm 8359.8789 epoch-elapsed 0h00m00s total-elapsed 0h03m34s
dev-fscore 0 train-fscore 0 dev-elapsed 0h00m01s total-elapsed 0h03m36s
epoch 25 batch 2/7 processed 1,265 batch-loss 517414.1172 mAP 0.0000 action acc 0.8261 phrase acc 0.8261 activity acc 0.3240 grad-norm 8756.5273 epoch-elapsed 0h00m02s total-elapsed 0h03m36s
dev-fscore 0.0 train-fscore 0.0 dev-elapsed 0h00m01s total-elapsed 0h03m38s
epoch 25 batch 3/7 processed 1,273 batch-loss 483767.1562 mAP 0.0000 action acc 0.0168 phrase acc 0.7796 activity acc 0.6789 grad-norm 39065.1875 epoch-elapsed 0h00m04s total-elapsed 0h03m38s
epoch 25 batch 4/7 processed 1,281 batch-loss 723749.6875 mAP 0.0000 action acc 0.7531 phrase acc 0.7531 activity acc 0.4974 grad-norm 56094324.0000 epoch-elapsed 0h00m05s total-elapsed 0h03m39s
dev-fscore 0.0 train-fscore 0.0 dev-elapsed 0h00m01s total-elapsed 0h03m40s
epoch 25 batch 5/7 processed 1,291 batch-loss 397677.1328 mAP 0.0000 action acc 0.7926 phrase acc 0.7926 activity acc 0.2077 grad-norm 9654.9092 epoch-elapsed 0h00m06s total-elapsed 0h03m41s
dev-fscore 0.0 train-fscore 0.0 dev-elapsed 0h00m01s total-elapsed 0h03m42s
epoch 25 batch 6/7 processed 1,299 batch-loss 422896.0625 mAP 0.0000 action acc 0.6920 phrase acc 0.6920 activity acc 0.3997 grad-norm 16295.6250 epoch-elapsed 0h00m08s total-elapsed 0h03m42s
dev-fscore 0.0 train-fscore 0.0 dev-elapsed 0h00m01s total-elapsed 0h03m43s
epoch 25 batch 7/7 processed 1,300 batch-loss 82275.1953 mAP 0.0000 action acc 0.0000 phrase acc 0.0000 activity acc 0.9167 grad-norm 4602.7788 epoch-elapsed 0h00m09s total-elapsed 0h03m43s
